OUTPUT>!SESSION 2023-05-31 11:56:17.092 -----------------------------------------------
OUTPUT>eclipse.buildId=unknown
OUTPUT>java.version=11.0.18
OUTPUT>java.vendor=Oracle Corporation
OUTPUT>BootLoader constants: OS=win32, ARCH=x86_64, WS=win32, NL=en_IN
OUTPUT>Framework arguments:  -application org.talend.commandline.CommandLine scriptFile script_command_5320111673944534707.txt
OUTPUT>Command-line arguments:  -application org.talend.commandline.CommandLine -consolelog -data C:\Users\Gauri.Vaijapurkar\workspace\Test-122516574 scriptFile script_command_5320111673944534707.txt
OUTPUT>
OUTPUT>!ENTRY org.eclipse.emf.ecore 2 0 2023-05-31 11:57:38.507
OUTPUT>!MESSAGE Both 'org.talend.designer.unitemap' and 'org.talend.designer.unitemap' register a package for 'http://www.talend.org/unitemap'
OUTPUT>
OUTPUT>!ENTRY org.eclipse.emf.ecore 2 0 2023-05-31 11:57:38.528
OUTPUT>!MESSAGE Both 'org.talend.model' and 'org.talend.model' register a package for 'http://www.talend.org/component_cache'
OUTPUT>
OUTPUT>!ENTRY org.eclipse.osgi 4 0 2023-05-31 11:57:51.425
OUTPUT>!MESSAGE Application error
OUTPUT>!STACK 1
OUTPUT>java.lang.RuntimeException: Application "org.talend.commandline.CommandLine" could not be found in the registry. The applications available are: org.eclipse.ant.core.antRunner, org.eclipse.ant.ui.antRunner, org.eclipse.e4.ui.workbench.swt.E4Application, org.eclipse.e4.ui.workbench.swt.GenTopic, org.eclipse.emf.codegen.CodeGen, org.eclipse.emf.codegen.JMerger, org.eclipse.emf.codegen.ecore.Generator, org.eclipse.emf.importer.ecore.Ecore2GenModel, org.eclipse.emf.importer.java.Java2GenModel, org.eclipse.emf.importer.rose.Rose2GenModel, org.eclipse.equinox.app.error, org.eclipse.equinox.p2.director, org.eclipse.equinox.p2.garbagecollector.application, org.eclipse.equinox.p2.publisher.InstallPublisher, org.eclipse.equinox.p2.publisher.EclipseGenerator, org.eclipse.equinox.p2.publisher.ProductPublisher, org.eclipse.equinox.p2.publisher.FeaturesAndBundlesPublisher, org.eclipse.equinox.p2.reconciler.application, org.eclipse.equinox.p2.repository.repo2runnable, org.eclipse.equinox.p2.repository.metadataverifier, org.eclipse.equinox.p2.artifact.repository.mirrorApplication, org.eclipse.equinox.p2.metadata.repository.mirrorApplication, org.eclipse.equinox.p2.touchpoint.natives.nativePackageExtractor, org.eclipse.equinox.p2.updatesite.UpdateSitePublisher, org.eclipse.equinox.p2.publisher.UpdateSitePublisher, org.eclipse.equinox.p2.publisher.CategoryPublisher, org.eclipse.help.base.infocenterApplication, org.eclipse.help.base.helpApplication, org.eclipse.help.base.indexTool, org.eclipse.jdt.apt.core.aptBuild, org.eclipse.jdt.core.JavaIndexer, org.eclipse.jdt.core.JavaCodeFormatter, org.eclipse.ui.ide.workbench, org.talend.designer.codegen.CodeGenInit, org.talend.license.gui.application, org.talend.rcp.branding.generic.application, org.talend.repository.CreateAutomaticConnectionApplication, org.talend.singlesignon.client.application, org.talend.studiolite.p2.featmanage.UpgradeCommandlineApplication.
OUTPUT>	at org.eclipse.equinox.internal.app.EclipseAppContainer.startDefaultApp(EclipseAppContainer.java:252)
OUTPUT>	at org.eclipse.equinox.internal.app.MainApplicationLauncher.run(MainApplicationLauncher.java:33)
OUTPUT>	at org.eclipse.core.runtime.internal.adaptor.EclipseAppLauncher.runApplication(EclipseAppLauncher.java:134)
OUTPUT>	at org.eclipse.core.runtime.internal.adaptor.EclipseAppLauncher.start(EclipseAppLauncher.java:104)
OUTPUT>	at org.eclipse.core.runtime.adaptor.EclipseStarter.run(EclipseStarter.java:401)
OUTPUT>	at org.eclipse.core.runtime.adaptor.EclipseStarter.run(EclipseStarter.java:255)
OUTPUT>	at java.base/jdk.internal.reflect.NativeMethodAccessorImpl.invoke0(Native Method)
OUTPUT>	at java.base/jdk.internal.reflect.NativeMethodAccessorImpl.invoke(NativeMethodAccessorImpl.java:62)
OUTPUT>	at java.base/jdk.internal.reflect.DelegatingMethodAccessorImpl.invoke(DelegatingMethodAccessorImpl.java:43)
OUTPUT>	at java.base/java.lang.reflect.Method.invoke(Method.java:566)
OUTPUT>	at org.eclipse.equinox.launcher.Main.invokeFramework(Main.java:654)
OUTPUT>	at org.eclipse.equinox.launcher.Main.basicRun(Main.java:591)
OUTPUT>	at org.eclipse.equinox.launcher.Main.run(Main.java:1462)
OUTPUT>	at org.eclipse.equinox.launcher.Main.main(Main.java:1435)
OUTPUT>	at org.eclipse.core.launcher.Main.main(Main.java:44)
OUTPUT>An error has occurred. See the log file
OUTPUT>C:\Users\Gauri.Vaijapurkar\workspace\Test-122516574\.metadata\.log.
OUTPUT>!SESSION 2023-05-31 13:22:07.813 -----------------------------------------------
OUTPUT>eclipse.buildId=unknown
OUTPUT>java.version=11.0.18
OUTPUT>java.vendor=Oracle Corporation
OUTPUT>BootLoader constants: OS=win32, ARCH=x86_64, WS=win32, NL=en_IN
OUTPUT>Framework arguments:  -application org.talend.commandline.CommandLine scriptFile script_command_18116402542757116080.txt
OUTPUT>Command-line arguments:  -application org.talend.commandline.CommandLine -consolelog -data C:\Users\Gauri.Vaijapurkar\workspace\Test-122516574 scriptFile script_command_18116402542757116080.txt
OUTPUT>
OUTPUT>!ENTRY org.eclipse.emf.ecore 2 0 2023-05-31 13:22:17.622
OUTPUT>!MESSAGE Both 'org.talend.designer.unitemap' and 'org.talend.designer.unitemap' register a package for 'http://www.talend.org/unitemap'
OUTPUT>
OUTPUT>!ENTRY org.eclipse.emf.ecore 2 0 2023-05-31 13:22:17.631
OUTPUT>!MESSAGE Both 'org.talend.model' and 'org.talend.model' register a package for 'http://www.talend.org/component_cache'
OUTPUT>
OUTPUT>!ENTRY org.eclipse.osgi 4 0 2023-05-31 13:22:24.528
OUTPUT>!MESSAGE Application error
OUTPUT>!STACK 1
OUTPUT>java.lang.RuntimeException: Application "org.talend.commandline.CommandLine" could not be found in the registry. The applications available are: org.eclipse.ant.core.antRunner, org.eclipse.ant.ui.antRunner, org.eclipse.e4.ui.workbench.swt.E4Application, org.eclipse.e4.ui.workbench.swt.GenTopic, org.eclipse.emf.codegen.CodeGen, org.eclipse.emf.codegen.JMerger, org.eclipse.emf.codegen.ecore.Generator, org.eclipse.emf.importer.ecore.Ecore2GenModel, org.eclipse.emf.importer.java.Java2GenModel, org.eclipse.emf.importer.rose.Rose2GenModel, org.eclipse.equinox.app.error, org.eclipse.equinox.p2.director, org.eclipse.equinox.p2.garbagecollector.application, org.eclipse.equinox.p2.publisher.InstallPublisher, org.eclipse.equinox.p2.publisher.EclipseGenerator, org.eclipse.equinox.p2.publisher.ProductPublisher, org.eclipse.equinox.p2.publisher.FeaturesAndBundlesPublisher, org.eclipse.equinox.p2.reconciler.application, org.eclipse.equinox.p2.repository.repo2runnable, org.eclipse.equinox.p2.repository.metadataverifier, org.eclipse.equinox.p2.artifact.repository.mirrorApplication, org.eclipse.equinox.p2.metadata.repository.mirrorApplication, org.eclipse.equinox.p2.touchpoint.natives.nativePackageExtractor, org.eclipse.equinox.p2.updatesite.UpdateSitePublisher, org.eclipse.equinox.p2.publisher.UpdateSitePublisher, org.eclipse.equinox.p2.publisher.CategoryPublisher, org.eclipse.help.base.infocenterApplication, org.eclipse.help.base.helpApplication, org.eclipse.help.base.indexTool, org.eclipse.jdt.apt.core.aptBuild, org.eclipse.jdt.core.JavaIndexer, org.eclipse.jdt.core.JavaCodeFormatter, org.eclipse.ui.ide.workbench, org.talend.designer.codegen.CodeGenInit, org.talend.license.gui.application, org.talend.rcp.branding.generic.application, org.talend.repository.CreateAutomaticConnectionApplication, org.talend.singlesignon.client.application, org.talend.studiolite.p2.featmanage.UpgradeCommandlineApplication.
OUTPUT>	at org.eclipse.equinox.internal.app.EclipseAppContainer.startDefaultApp(EclipseAppContainer.java:252)
OUTPUT>	at org.eclipse.equinox.internal.app.MainApplicationLauncher.run(MainApplicationLauncher.java:33)
OUTPUT>	at org.eclipse.core.runtime.internal.adaptor.EclipseAppLauncher.runApplication(EclipseAppLauncher.java:134)
OUTPUT>	at org.eclipse.core.runtime.internal.adaptor.EclipseAppLauncher.start(EclipseAppLauncher.java:104)
OUTPUT>	at org.eclipse.core.runtime.adaptor.EclipseStarter.run(EclipseStarter.java:401)
OUTPUT>	at org.eclipse.core.runtime.adaptor.EclipseStarter.run(EclipseStarter.java:255)
OUTPUT>	at java.base/jdk.internal.reflect.NativeMethodAccessorImpl.invoke0(Native Method)
OUTPUT>	at java.base/jdk.internal.reflect.NativeMethodAccessorImpl.invoke(NativeMethodAccessorImpl.java:62)
OUTPUT>	at java.base/jdk.internal.reflect.DelegatingMethodAccessorImpl.invoke(DelegatingMethodAccessorImpl.java:43)
OUTPUT>	at java.base/java.lang.reflect.Method.invoke(Method.java:566)
OUTPUT>	at org.eclipse.equinox.launcher.Main.invokeFramework(Main.java:654)
OUTPUT>	at org.eclipse.equinox.launcher.Main.basicRun(Main.java:591)
OUTPUT>	at org.eclipse.equinox.launcher.Main.run(Main.java:1462)
OUTPUT>	at org.eclipse.equinox.launcher.Main.main(Main.java:1435)
OUTPUT>	at org.eclipse.core.launcher.Main.main(Main.java:44)
OUTPUT>An error has occurred. See the log file
OUTPUT>C:\Users\Gauri.Vaijapurkar\workspace\Test-122516574\.metadata\.log.
OUTPUT>!SESSION 2023-05-31 17:13:43.408 -----------------------------------------------
OUTPUT>eclipse.buildId=unknown
OUTPUT>java.version=11.0.18
OUTPUT>java.vendor=Oracle Corporation
OUTPUT>BootLoader constants: OS=win32, ARCH=x86_64, WS=win32, NL=en_IN
OUTPUT>Framework arguments:  -application org.talend.commandline.CommandLine scriptFile script_command_13027265252273814736.txt
OUTPUT>Command-line arguments:  -application org.talend.commandline.CommandLine -consolelog -data C:\Users\Gauri.Vaijapurkar\workspace\Test-122516574 scriptFile script_command_13027265252273814736.txt
OUTPUT>
OUTPUT>!ENTRY org.eclipse.emf.ecore 2 0 2023-05-31 17:13:53.740
OUTPUT>!MESSAGE Both 'org.talend.designer.unitemap' and 'org.talend.designer.unitemap' register a package for 'http://www.talend.org/unitemap'
OUTPUT>
OUTPUT>!ENTRY org.eclipse.emf.ecore 2 0 2023-05-31 17:13:53.748
OUTPUT>!MESSAGE Both 'org.talend.model' and 'org.talend.model' register a package for 'http://www.talend.org/component_cache'
OUTPUT>
OUTPUT>!ENTRY org.eclipse.osgi 4 0 2023-05-31 17:14:02.319
OUTPUT>!MESSAGE Application error
OUTPUT>!STACK 1
OUTPUT>java.lang.RuntimeException: Application "org.talend.commandline.CommandLine" could not be found in the registry. The applications available are: org.eclipse.ant.core.antRunner, org.eclipse.ant.ui.antRunner, org.eclipse.e4.ui.workbench.swt.E4Application, org.eclipse.e4.ui.workbench.swt.GenTopic, org.eclipse.emf.codegen.CodeGen, org.eclipse.emf.codegen.JMerger, org.eclipse.emf.codegen.ecore.Generator, org.eclipse.emf.importer.ecore.Ecore2GenModel, org.eclipse.emf.importer.java.Java2GenModel, org.eclipse.emf.importer.rose.Rose2GenModel, org.eclipse.equinox.app.error, org.eclipse.equinox.p2.director, org.eclipse.equinox.p2.garbagecollector.application, org.eclipse.equinox.p2.publisher.InstallPublisher, org.eclipse.equinox.p2.publisher.EclipseGenerator, org.eclipse.equinox.p2.publisher.ProductPublisher, org.eclipse.equinox.p2.publisher.FeaturesAndBundlesPublisher, org.eclipse.equinox.p2.reconciler.application, org.eclipse.equinox.p2.repository.repo2runnable, org.eclipse.equinox.p2.repository.metadataverifier, org.eclipse.equinox.p2.artifact.repository.mirrorApplication, org.eclipse.equinox.p2.metadata.repository.mirrorApplication, org.eclipse.equinox.p2.touchpoint.natives.nativePackageExtractor, org.eclipse.equinox.p2.updatesite.UpdateSitePublisher, org.eclipse.equinox.p2.publisher.UpdateSitePublisher, org.eclipse.equinox.p2.publisher.CategoryPublisher, org.eclipse.help.base.infocenterApplication, org.eclipse.help.base.helpApplication, org.eclipse.help.base.indexTool, org.eclipse.jdt.apt.core.aptBuild, org.eclipse.jdt.core.JavaIndexer, org.eclipse.jdt.core.JavaCodeFormatter, org.eclipse.ui.ide.workbench, org.talend.designer.codegen.CodeGenInit, org.talend.license.gui.application, org.talend.rcp.branding.generic.application, org.talend.repository.CreateAutomaticConnectionApplication, org.talend.singlesignon.client.application, org.talend.studiolite.p2.featmanage.UpgradeCommandlineApplication.
OUTPUT>	at org.eclipse.equinox.internal.app.EclipseAppContainer.startDefaultApp(EclipseAppContainer.java:252)
OUTPUT>	at org.eclipse.equinox.internal.app.MainApplicationLauncher.run(MainApplicationLauncher.java:33)
OUTPUT>	at org.eclipse.core.runtime.internal.adaptor.EclipseAppLauncher.runApplication(EclipseAppLauncher.java:134)
OUTPUT>	at org.eclipse.core.runtime.internal.adaptor.EclipseAppLauncher.start(EclipseAppLauncher.java:104)
OUTPUT>	at org.eclipse.core.runtime.adaptor.EclipseStarter.run(EclipseStarter.java:401)
OUTPUT>	at org.eclipse.core.runtime.adaptor.EclipseStarter.run(EclipseStarter.java:255)
OUTPUT>	at java.base/jdk.internal.reflect.NativeMethodAccessorImpl.invoke0(Native Method)
OUTPUT>	at java.base/jdk.internal.reflect.NativeMethodAccessorImpl.invoke(NativeMethodAccessorImpl.java:62)
OUTPUT>	at java.base/jdk.internal.reflect.DelegatingMethodAccessorImpl.invoke(DelegatingMethodAccessorImpl.java:43)
OUTPUT>	at java.base/java.lang.reflect.Method.invoke(Method.java:566)
OUTPUT>	at org.eclipse.equinox.launcher.Main.invokeFramework(Main.java:654)
OUTPUT>	at org.eclipse.equinox.launcher.Main.basicRun(Main.java:591)
OUTPUT>	at org.eclipse.equinox.launcher.Main.run(Main.java:1462)
OUTPUT>	at org.eclipse.equinox.launcher.Main.main(Main.java:1435)
OUTPUT>	at org.eclipse.core.launcher.Main.main(Main.java:44)
OUTPUT>An error has occurred. See the log file
OUTPUT>C:\Users\Gauri.Vaijapurkar\workspace\Test-122516574\.metadata\.log.
OUTPUT>!SESSION 2023-05-31 17:51:45.746 -----------------------------------------------
OUTPUT>eclipse.buildId=unknown
OUTPUT>java.version=11.0.18
OUTPUT>java.vendor=Oracle Corporation
OUTPUT>BootLoader constants: OS=win32, ARCH=x86_64, WS=win32, NL=en_IN
OUTPUT>Framework arguments:  -application org.talend.commandline.CommandLine scriptFile script_command_8460473230227409694.txt
OUTPUT>Command-line arguments:  -application org.talend.commandline.CommandLine -consolelog -data C:\Users\Gauri.Vaijapurkar\workspace\Test-122516574 scriptFile script_command_8460473230227409694.txt
OUTPUT>
OUTPUT>!ENTRY org.eclipse.emf.ecore 2 0 2023-05-31 17:52:02.574
OUTPUT>!MESSAGE Both 'org.talend.designer.unitemap' and 'org.talend.designer.unitemap' register a package for 'http://www.talend.org/unitemap'
OUTPUT>
OUTPUT>!ENTRY org.eclipse.emf.ecore 2 0 2023-05-31 17:52:02.580
OUTPUT>!MESSAGE Both 'org.talend.model' and 'org.talend.model' register a package for 'http://www.talend.org/component_cache'
OUTPUT>
OUTPUT>!ENTRY org.eclipse.osgi 4 0 2023-05-31 17:52:11.294
OUTPUT>!MESSAGE Application error
OUTPUT>!STACK 1
OUTPUT>java.lang.RuntimeException: Application "org.talend.commandline.CommandLine" could not be found in the registry. The applications available are: org.eclipse.ant.core.antRunner, org.eclipse.ant.ui.antRunner, org.eclipse.e4.ui.workbench.swt.E4Application, org.eclipse.e4.ui.workbench.swt.GenTopic, org.eclipse.emf.codegen.CodeGen, org.eclipse.emf.codegen.JMerger, org.eclipse.emf.codegen.ecore.Generator, org.eclipse.emf.importer.ecore.Ecore2GenModel, org.eclipse.emf.importer.java.Java2GenModel, org.eclipse.emf.importer.rose.Rose2GenModel, org.eclipse.equinox.app.error, org.eclipse.equinox.p2.director, org.eclipse.equinox.p2.garbagecollector.application, org.eclipse.equinox.p2.publisher.InstallPublisher, org.eclipse.equinox.p2.publisher.EclipseGenerator, org.eclipse.equinox.p2.publisher.ProductPublisher, org.eclipse.equinox.p2.publisher.FeaturesAndBundlesPublisher, org.eclipse.equinox.p2.reconciler.application, org.eclipse.equinox.p2.repository.repo2runnable, org.eclipse.equinox.p2.repository.metadataverifier, org.eclipse.equinox.p2.artifact.repository.mirrorApplication, org.eclipse.equinox.p2.metadata.repository.mirrorApplication, org.eclipse.equinox.p2.touchpoint.natives.nativePackageExtractor, org.eclipse.equinox.p2.updatesite.UpdateSitePublisher, org.eclipse.equinox.p2.publisher.UpdateSitePublisher, org.eclipse.equinox.p2.publisher.CategoryPublisher, org.eclipse.help.base.infocenterApplication, org.eclipse.help.base.helpApplication, org.eclipse.help.base.indexTool, org.eclipse.jdt.apt.core.aptBuild, org.eclipse.jdt.core.JavaIndexer, org.eclipse.jdt.core.JavaCodeFormatter, org.eclipse.ui.ide.workbench, org.talend.designer.codegen.CodeGenInit, org.talend.license.gui.application, org.talend.rcp.branding.generic.application, org.talend.repository.CreateAutomaticConnectionApplication, org.talend.singlesignon.client.application, org.talend.studiolite.p2.featmanage.UpgradeCommandlineApplication.
OUTPUT>	at org.eclipse.equinox.internal.app.EclipseAppContainer.startDefaultApp(EclipseAppContainer.java:252)
OUTPUT>	at org.eclipse.equinox.internal.app.MainApplicationLauncher.run(MainApplicationLauncher.java:33)
OUTPUT>	at org.eclipse.core.runtime.internal.adaptor.EclipseAppLauncher.runApplication(EclipseAppLauncher.java:134)
OUTPUT>	at org.eclipse.core.runtime.internal.adaptor.EclipseAppLauncher.start(EclipseAppLauncher.java:104)
OUTPUT>	at org.eclipse.core.runtime.adaptor.EclipseStarter.run(EclipseStarter.java:401)
OUTPUT>	at org.eclipse.core.runtime.adaptor.EclipseStarter.run(EclipseStarter.java:255)
OUTPUT>	at java.base/jdk.internal.reflect.NativeMethodAccessorImpl.invoke0(Native Method)
OUTPUT>	at java.base/jdk.internal.reflect.NativeMethodAccessorImpl.invoke(NativeMethodAccessorImpl.java:62)
OUTPUT>	at java.base/jdk.internal.reflect.DelegatingMethodAccessorImpl.invoke(DelegatingMethodAccessorImpl.java:43)
OUTPUT>	at java.base/java.lang.reflect.Method.invoke(Method.java:566)
OUTPUT>	at org.eclipse.equinox.launcher.Main.invokeFramework(Main.java:654)
OUTPUT>	at org.eclipse.equinox.launcher.Main.basicRun(Main.java:591)
OUTPUT>	at org.eclipse.equinox.launcher.Main.run(Main.java:1462)
OUTPUT>	at org.eclipse.equinox.launcher.Main.main(Main.java:1435)
OUTPUT>	at org.eclipse.core.launcher.Main.main(Main.java:44)
OUTPUT>An error has occurred. See the log file
OUTPUT>C:\Users\Gauri.Vaijapurkar\workspace\Test-122516574\.metadata\.log.
